        -:    0:Source:/home/kail/Рабочий стол/Engine/game/ILoop.cpp
        -:    0:Graph:/home/kail/Рабочий стол/Engine/cmake-build-debug-coverage/CMakeFiles/OpenGL.dir/game/ILoop.cpp.gcno
        -:    0:Data:/home/kail/Рабочий стол/Engine/cmake-build-debug-coverage/CMakeFiles/OpenGL.dir/game/ILoop.cpp.gcda
        -:    0:Runs:1
        -:    1:#include "GLFW/glfw3.h"
        -:    2:#include "ILoop.h"
        -:    3:
        -:    4:
        1:    5:        void SK::GAME::IFpsController::start() {
        1:    6:            _lastTime = _getNanoTime();
        1:    6-block  0
        1:    7:            isRunning = true;
        1:    8:            Init();
     1349:    9:            start:
     1349:   10:            _now = _getNanoTime();
     1349:   10-block  0
     1349:   11:            _eqls = _now - _lastTime;
     1349:   12:            _lastTime = _now;
     1349:   13:            _delta += (_eqls / _Update_Interval);
     1349:   14:            _count += _eqls;
     1883:   15:            while (_delta > 1) {
     1883:   15-block  0
      534:   16:                _delta -= 1;
      534:   17:                UPD++;
      534:   18:                if (_onRender) {
      534:   18-block  0
       19:   19:                    LAG++;
       19:   19-block  0
        -:   20:                } else {
      515:   21:                    _onRender = true;
      515:   21-block  0
        -:   22:                }
      534:   23:                Update();
      534:   23-block  0
        -:   24:            }
     1349:   25:            if (_onRender) {
     1349:   25-block  0
      515:   26:                FPS++;
      515:   27:                _onRender = false;
      515:   28:                Render();
      515:   28-block  0
        -:   29:            } else {
      834:   30:                std::this_thread::sleep_for(std::chrono::milliseconds(_Idle_Time));
      834:   30-block  0
      834:   30-block  1
        -:   31:            }
     1349:   32:            if (_count >= _Second) {
     1349:   32-block  0
        8:   33:                _count = 0;
        8:   34:                L_FPS = FPS;
        8:   35:                L_UPD = UPD;
        8:   36:                L_LAG = LAG;
        8:   37:                UPD = 0;
        8:   38:                FPS = 0;
        8:   39:                LAG = 0;
        8:   39-block  0
        -:   40:            }
     1349:   41:            if (!isRunning) goto end;
     1349:   41-block  0
        1:   41-block  1
     1348:   42:            goto start;
     1348:   42-block  0
        1:   43:            end:
        1:   44:            Dispose();
        1:   44-block  0
        1:   45:            exit(0);
        -:   46:        }
        -:   47:
        -:   48:
